[ERROR 2022-06-10 11:22:14]Please check “callback” method
[ERROR 2022-06-10 11:23:29]Please check “callback” method
[ERROR 2022-06-10 11:23:53]Please check “callback” method
[ERROR 2022-06-10 11:24:59]Please check “callback” method
[ERROR 2022-06-10 11:26:24]Please check “callback” method
[ERROR 2022-06-10 11:27:16]Please check “callback” method
[ERROR 2022-06-10 11:28:13]Please check “callback” method
[ERROR 2022-06-10 11:32:02]Please check “callback” method
[INFO 2022-06-10 11:32:44]Generate Excel successed
[INFO 2022-06-10 11:32:45]Login successed
[INFO 2022-06-10 11:32:45]Create testcase path successed 多账号
[INFO 2022-06-10 11:32:45]add successed 1120202731001001116
[INFO 2022-06-10 11:33:20]Generate Excel successed
[INFO 2022-06-10 11:33:21]Login successed
[INFO 2022-06-10 11:33:21]add successed 1120202731001001116
[INFO 2022-06-10 11:33:23]Confirm import successed 1120202731001001116
[ERROR 2022-06-10 11:33:23]Please check “callback” method
[INFO 2022-06-10 11:40:06]Generate Excel successed
[INFO 2022-06-10 11:40:06]Login successed
[INFO 2022-06-10 11:40:07]Create testcase path successed 多账号
[INFO 2022-06-10 11:40:07]add successed 1120202731001001117
[INFO 2022-06-10 11:40:09]Confirm import successed 1120202731001001117
[INFO 2022-06-10 11:40:09]Dingding notification successed!
[INFO 2022-06-10 11:40:09]New documents submitted this time, eg ['增量用例/294迭代/多账号.xmind']
[INFO 2022-06-10 11:40:31]Login successed
[INFO 2022-06-10 11:40:31]Search testcase  successed ['1218013', '1218012', '1218011', '1218010', '1218009', '1218008', '1218007', '1218006', '1218005', '1218004', '1218003', '1218002', '1218001', '1218000', '1217999', '1217998', '1217997', '1217996', '1217995', '1217994', '1217993', '1217992', '1217991', '1217990', '1217989', '1217988', '1217987', '1217986', '1217985', '1217984', '1217983', '1217982', '1217980', '1217977', '1217975', '1217973', '1217971', '1217970', '1217969', '1217968', '1217967', '1217966', '1217965', '1217964', '1217963', '1217962', '1217961', '1217960', '1217959', '1217958']
[INFO 2022-06-10 11:40:32]Search testcase  successed ['1218013', '1218012', '1218011', '1218010', '1218009', '1218008', '1218007', '1218006', '1218005', '1218004', '1218003', '1218002', '1218001', '1218000', '1217999', '1217998', '1217997', '1217996', '1217995', '1217994', '1217993', '1217992', '1217991', '1217990', '1217989', '1217988', '1217987', '1217986', '1217985', '1217984', '1217983', '1217982', '1217980', '1217977', '1217975', '1217973', '1217971', '1217970', '1217969', '1217968', '1217967', '1217966', '1217965', '1217964', '1217963', '1217962', '1217961', '1217960', '1217959', '1217958']
[INFO 2022-06-10 11:40:34]Delete testcase  successed ['1218013', '1218012', '1218011', '1218010', '1218009', '1218008', '1218007', '1218006', '1218005', '1218004', '1218003', '1218002', '1218001', '1218000', '1217999', '1217998', '1217997', '1217996', '1217995', '1217994', '1217993', '1217992', '1217991', '1217990', '1217989', '1217988', '1217987', '1217986', '1217985', '1217984', '1217983', '1217982', '1217980', '1217977', '1217975', '1217973', '1217971', '1217970', '1217969', '1217968', '1217967', '1217966', '1217965', '1217964', '1217963', '1217962', '1217961', '1217960', '1217959', '1217958']
[INFO 2022-06-10 11:40:34]Search testcase  successed ['1217957', '1217956', '1217955', '1217954', '1217953', '1217952']
[INFO 2022-06-10 11:40:34]Delete testcase  successed ['1217957', '1217956', '1217955', '1217954', '1217953', '1217952']
[INFO 2022-06-10 11:40:34]Delete testdir  successed 1120202731001001117
[INFO 2022-06-10 11:40:35]Dingding notification successed!
[WARNING 2022-06-10 11:40:35]Delete the entire XMIND file, ef ['增量用例/294迭代/多账号.xmind']
