[INFO 2022-06-06 09:54:21]Generate Excel successed
[INFO 2022-06-06 09:54:21]Login successed
[INFO 2022-06-06 09:54:22]Create testcase path successed 独立版本
[INFO 2022-06-06 09:54:22]Create testcase path successed 测试
[INFO 2022-06-06 09:54:22]add successed 1120202731001000984
[INFO 2022-06-06 09:54:24]Confirm import successed 1120202731001000984
[INFO 2022-06-06 09:54:24]New documents submitted this time, eg ['增量用例/独立版本/测试.xmind']
[INFO 2022-06-06 09:55:14]Login successed
[INFO 2022-06-06 09:55:14]Search testcase  successed ['1213249', '1213248', '1213247', '1213246', '1213245', '1213244']
[ERROR 2022-06-06 09:55:14]Delete testcase  failed, please check whether the delete testcase information is normal! [['1120202731001', '1120202731002', '1120202731001', '1120202731003', '1120202731002', '1120202731004', '1120202731009'], ['1120202731001', '1120202731002', '1120202731001', '1120202731003', '1120202731002', '1120202731004', '1120202731008'], ['1120202731001', '1120202731002', '1120202731001', '1120202731003', '1120202731002', '1120202731004', '1120202731007'], ['1120202731001', '1120202731002', '1120202731001', '1120202731003', '1120202731002', '1120202731004', '1120202731006'], ['1120202731001', '1120202731002', '1120202731001', '1120202731003', '1120202731002', '1120202731004', '1120202731005'], ['1120202731001', '1120202731002', '1120202731001', '1120202731003', '1120202731002', '1120202731004', '1120202731004']]
[INFO 2022-06-06 09:55:15]Delete testdir  successed 1120202731001000984
[WARNING 2022-06-06 09:55:15]Delete the entire XMIND file, ef ['增量用例/独立版本/测试.xmind']
[INFO 2022-06-06 11:34:14]Generate Excel successed
[INFO 2022-06-06 11:34:15]Login successed
[INFO 2022-06-06 11:34:15]Create testcase path successed 测试
[INFO 2022-06-06 11:34:15]add successed 1120202731001000986
[INFO 2022-06-06 11:34:16]Confirm import successed 1120202731001000986
[INFO 2022-06-06 11:34:16]New documents submitted this time, eg ['增量用例/294迭代/测试.xmind']
[INFO 2022-06-06 11:35:53]Login successed
[INFO 2022-06-06 11:35:53]Search testcase  successed ['1213285', '1213284', '1213283', '1213282', '1213281', '1213280']
[ERROR 2022-06-06 11:35:53]Delete testcase  failed, please check whether the delete testcase information is normal! [['1120202731001', '1120202731002', '1120202731001', '1120202731003', '1120202731002', '1120202731008', '1120202731005'], ['1120202731001', '1120202731002', '1120202731001', '1120202731003', '1120202731002', '1120202731008', '1120202731004'], ['1120202731001', '1120202731002', '1120202731001', '1120202731003', '1120202731002', '1120202731008', '1120202731003'], ['1120202731001', '1120202731002', '1120202731001', '1120202731003', '1120202731002', '1120202731008', '1120202731002'], ['1120202731001', '1120202731002', '1120202731001', '1120202731003', '1120202731002', '1120202731008', '1120202731001'], ['1120202731001', '1120202731002', '1120202731001', '1120202731003', '1120202731002', '1120202731008', '1120202731000']]
[INFO 2022-06-06 11:35:53]Delete testdir  successed 1120202731001000986
[WARNING 2022-06-06 11:35:53]Delete the entire XMIND file, ef ['增量用例/294迭代/测试.xmind']
[INFO 2022-06-06 11:36:21]Generate Excel successed
[INFO 2022-06-06 11:36:22]Login successed
[INFO 2022-06-06 11:36:22]Create testcase path successed 增量用例
[INFO 2022-06-06 11:36:22]Create testcase path successed 294迭代
[INFO 2022-06-06 11:36:23]Create testcase path successed 物流测试
[INFO 2022-06-06 11:36:23]add successed 1120202731001000989
[INFO 2022-06-06 11:36:24]Confirm import successed 1120202731001000989
[INFO 2022-06-06 11:36:24]New documents submitted this time, eg ['增量用例/294迭代/物流测试.xmind']
[INFO 2022-06-06 11:36:58]Login successed
[INFO 2022-06-06 11:36:58]Search testcase  successed ['1213290', '1213289', '1213288', '1213287', '1213286']
[ERROR 2022-06-06 11:36:58]Delete testcase  failed, please check whether the delete testcase information is normal! [['1120202731001', '1120202731002', '1120202731001', '1120202731003', '1120202731002', '1120202731009', '1120202731000'], ['1120202731001', '1120202731002', '1120202731001', '1120202731003', '1120202731002', '1120202731008', '1120202731009'], ['1120202731001', '1120202731002', '1120202731001', '1120202731003', '1120202731002', '1120202731008', '1120202731008'], ['1120202731001', '1120202731002', '1120202731001', '1120202731003', '1120202731002', '1120202731008', '1120202731007'], ['1120202731001', '1120202731002', '1120202731001', '1120202731003', '1120202731002', '1120202731008', '1120202731006']]
[INFO 2022-06-06 11:36:59]Delete testdir  successed 1120202731001000989
[WARNING 2022-06-06 11:36:59]Delete the entire XMIND file, ef ['增量用例/294迭代/物流测试.xmind']
[INFO 2022-06-06 11:57:26]Generate Excel successed
[INFO 2022-06-06 11:57:27]Login successed
[INFO 2022-06-06 11:57:27]Create testcase path successed 测试
[INFO 2022-06-06 11:57:27]add successed 1120202731001000991
[INFO 2022-06-06 11:57:28]Confirm import successed 1120202731001000991
[INFO 2022-06-06 11:57:28]New documents submitted this time, eg ['增量用例/294迭代/测试.xmind']
[INFO 2022-06-06 11:58:04]Generate Excel successed
[INFO 2022-06-06 11:58:04]Login successed
[INFO 2022-06-06 11:58:05]Search testcase  successed ['1213324', '1213323', '1213322', '1213321', '1213320', '1213319']
[ERROR 2022-06-06 11:58:05]Delete testcase  failed, please check whether the delete testcase information is normal! ['1213324', '1213323', '1213322', '1213321', '1213320', '1213319']
[INFO 2022-06-06 11:58:05]add successed 1120202731001000991
[INFO 2022-06-06 11:58:06]Confirm import successed 1120202731001000991
[INFO 2022-06-06 11:58:06]New documents modified this time, eg ['增量用例/294迭代/测试.xmind']
[INFO 2022-06-06 12:04:04]Generate Excel successed
[INFO 2022-06-06 12:04:04]Login successed
[INFO 2022-06-06 12:04:05]Create testcase path successed 测试
[INFO 2022-06-06 12:04:05]add successed 1120202731001000992
[INFO 2022-06-06 12:04:06]Confirm import successed 1120202731001000992
[INFO 2022-06-06 12:04:06]New documents submitted this time, eg ['增量用例/294迭代/测试.xmind']
[INFO 2022-06-06 12:04:38]Generate Excel successed
[INFO 2022-06-06 12:04:38]Login successed
[INFO 2022-06-06 12:04:39]Search testcase  successed ['1213337', '1213336', '1213335', '1213334', '1213333', '1213332']
[INFO 2022-06-06 12:04:39]Delete testcase  successed ['1213337', '1213336', '1213335', '1213334', '1213333', '1213332']
[INFO 2022-06-06 12:04:39]add successed 1120202731001000992
[INFO 2022-06-06 12:04:40]Confirm import successed 1120202731001000992
[INFO 2022-06-06 12:04:40]New documents modified this time, eg ['增量用例/294迭代/测试.xmind']
[INFO 2022-06-06 12:22:35]Login successed
[INFO 2022-06-06 12:22:35]Search testcase  successed ['1213343', '1213342', '1213341', '1213340', '1213339', '1213338']
[INFO 2022-06-06 12:22:36]Delete testcase  successed ['1213343', '1213342', '1213341', '1213340', '1213339', '1213338']
[INFO 2022-06-06 12:22:36]Delete testdir  successed 1120202731001000992
[WARNING 2022-06-06 12:22:36]Delete the entire XMIND file, ef ['增量用例/294迭代/测试.xmind']
