[INFO 2022-06-08 09:46:40]Generate Excel successed
[INFO 2022-06-08 09:46:41]Login successed
[INFO 2022-06-08 09:46:41]Create testcase path successed 增量用例
[INFO 2022-06-08 09:46:41]Create testcase path successed 294迭代
[INFO 2022-06-08 09:46:42]Create testcase path successed 多账号
[INFO 2022-06-08 09:46:42]add successed 1120202731001001105
[INFO 2022-06-08 09:46:43]Confirm import successed 1120202731001001105
[INFO 2022-06-08 09:46:43]New documents submitted this time, eg ['增量用例/294迭代/多账号.xmind']
[INFO 2022-06-08 09:48:59]Generate Excel successed
[INFO 2022-06-08 09:48:59]Login successed
[ERROR 2022-06-08 09:49:00]Please check “callback” method
[INFO 2022-06-08 09:52:46]Generate Excel successed
[INFO 2022-06-08 09:52:46]Login successed
[INFO 2022-06-08 09:56:42]Generate Excel successed
[INFO 2022-06-08 09:56:42]Login successed
[INFO 2022-06-08 09:57:30]Generate Excel successed
[INFO 2022-06-08 09:57:31]Login successed
[INFO 2022-06-08 10:02:54]Generate Excel successed
[INFO 2022-06-08 10:02:55]Login successed
[INFO 2022-06-08 10:02:55]Search testcase  successed ['1214954', '1214953', '1214952', '1214951', '1214950', '1214949', '1214948', '1214947', '1214946', '1214945', '1214944', '1214943', '1214942', '1214941', '1214940', '1214939', '1214938', '1214937', '1214936', '1214935', '1214934', '1214933', '1214932', '1214931', '1214930', '1214929', '1214928', '1214927', '1214926', '1214925', '1214924', '1214923', '1214922', '1214921', '1214920', '1214919', '1214918']
[INFO 2022-06-08 10:02:56]Delete testcase  successed ['1214954', '1214953', '1214952', '1214951', '1214950', '1214949', '1214948', '1214947', '1214946', '1214945', '1214944', '1214943', '1214942', '1214941', '1214940', '1214939', '1214938', '1214937', '1214936', '1214935', '1214934', '1214933', '1214932', '1214931', '1214930', '1214929', '1214928', '1214927', '1214926', '1214925', '1214924', '1214923', '1214922', '1214921', '1214920', '1214919', '1214918']
[INFO 2022-06-08 10:02:57]add successed 1120202731001001105
[ERROR 2022-06-08 10:02:59]Please check “callback” method
[INFO 2022-06-08 10:03:51]Generate Excel successed
[INFO 2022-06-08 10:03:52]Login successed
[INFO 2022-06-08 10:03:52]Search testcase  successed ['1214991', '1214990', '1214989', '1214988', '1214987', '1214986', '1214985', '1214984', '1214983', '1214982', '1214981', '1214980', '1214979', '1214978', '1214977', '1214976', '1214975', '1214974', '1214973', '1214972', '1214971', '1214970', '1214969', '1214968', '1214967', '1214966', '1214965', '1214964', '1214963', '1214962', '1214961', '1214960', '1214959', '1214958', '1214957', '1214956', '1214955']
[INFO 2022-06-08 10:03:54]Delete testcase  successed ['1214991', '1214990', '1214989', '1214988', '1214987', '1214986', '1214985', '1214984', '1214983', '1214982', '1214981', '1214980', '1214979', '1214978', '1214977', '1214976', '1214975', '1214974', '1214973', '1214972', '1214971', '1214970', '1214969', '1214968', '1214967', '1214966', '1214965', '1214964', '1214963', '1214962', '1214961', '1214960', '1214959', '1214958', '1214957', '1214956', '1214955']
[INFO 2022-06-08 10:03:54]add successed 1120202731001001105
[INFO 2022-06-08 10:03:56]Confirm import successed 1120202731001001105
[INFO 2022-06-08 10:03:56]New documents modified this time, eg ['增量用例/294迭代/多账号.xmind']
[ERROR 2022-06-08 10:35:58]Please check “callback” method
[INFO 2022-06-08 11:09:37]Generate Excel successed
[INFO 2022-06-08 11:09:37]Login successed
[INFO 2022-06-08 11:09:38]Create testcase path successed 多账号
[ERROR 2022-06-08 11:09:38]Failed to upload Excel, Please check the relevant interfaces!
[ERROR 2022-06-08 11:09:38]Please check “callback” method
[INFO 2022-06-08 11:11:06]Generate Excel successed
[INFO 2022-06-08 11:11:07]Login successed
[INFO 2022-06-08 11:11:08]add successed 1120202731001001106
[INFO 2022-06-08 11:11:10]Confirm import successed 1120202731001001106
[INFO 2022-06-08 11:11:10]New documents submitted this time, eg ['增量用例/294迭代/多账号.xmind']
[INFO 2022-06-08 11:12:28]Generate Excel successed
[INFO 2022-06-08 11:12:28]Login successed
[INFO 2022-06-08 11:12:28]add successed 1120202731001001106
[INFO 2022-06-08 11:12:30]Confirm import successed 1120202731001001106
[INFO 2022-06-08 11:12:30]New documents submitted this time, eg ['增量用例/294迭代/多账号.xmind']
[INFO 2022-06-08 11:12:50]Generate Excel successed
[INFO 2022-06-08 11:12:50]Login successed
[ERROR 2022-06-08 11:12:50]Please check “callback” method
[INFO 2022-06-08 11:14:25]Generate Excel successed
[INFO 2022-06-08 11:14:25]Login successed
[ERROR 2022-06-08 11:14:25]Please check “callback” method
[INFO 2022-06-08 11:15:03]Generate Excel successed
[INFO 2022-06-08 11:15:04]Login successed
[INFO 2022-06-08 11:20:47]Generate Excel successed
[INFO 2022-06-08 11:20:48]Login successed
[INFO 2022-06-08 11:21:52]Generate Excel successed
[INFO 2022-06-08 11:21:53]Login successed
[INFO 2022-06-08 11:22:49]Generate Excel successed
[INFO 2022-06-08 11:22:50]Login successed
[INFO 2022-06-08 11:23:22]Generate Excel successed
[INFO 2022-06-08 11:23:23]Login successed
[INFO 2022-06-08 11:25:37]Generate Excel successed
[INFO 2022-06-08 11:25:37]Login successed
[INFO 2022-06-08 11:26:58]Generate Excel successed
[INFO 2022-06-08 11:26:59]Login successed
[INFO 2022-06-08 11:33:29]Generate Excel successed
[INFO 2022-06-08 11:33:29]Login successed
[INFO 2022-06-08 11:36:01]Generate Excel successed
[INFO 2022-06-08 11:36:01]Login successed
[INFO 2022-06-08 11:36:25]Generate Excel successed
[INFO 2022-06-08 11:36:26]Login successed
[INFO 2022-06-08 11:39:14]Generate Excel successed
[INFO 2022-06-08 11:39:15]Login successed
[INFO 2022-06-08 11:41:14]Generate Excel successed
[INFO 2022-06-08 11:41:15]Login successed
[INFO 2022-06-08 11:42:35]Generate Excel successed
[INFO 2022-06-08 11:42:36]Login successed
[INFO 2022-06-08 11:43:39]Generate Excel successed
[INFO 2022-06-08 11:43:39]Login successed
[INFO 2022-06-08 11:47:23]Generate Excel successed
[INFO 2022-06-08 11:47:23]Login successed
[INFO 2022-06-08 11:47:24]add successed 1120202731001001106
[INFO 2022-06-08 11:47:25]Confirm import successed 1120202731001001106
[INFO 2022-06-08 11:47:25]New documents submitted this time, eg ['增量用例/294迭代/多账号.xmind']
[ERROR 2022-06-08 11:48:04]Please check “callback” method
[INFO 2022-06-08 11:48:43]Login successed
[INFO 2022-06-08 11:49:42]Login successed
[INFO 2022-06-08 12:22:47]Login successed
[INFO 2022-06-08 12:23:07]Search testcase  successed ['1215453', '1215452', '1215451', '1215450', '1215449', '1215448', '1215447', '1215446', '1215445', '1215444', '1215443', '1215442', '1215441', '1215440', '1215439', '1215438', '1215437', '1215436', '1215435', '1215434', '1215433', '1215432', '1215431', '1215430', '1215429', '1215428', '1215427', '1215426', '1215425', '1215424', '1215423', '1215422', '1215421', '1215420', '1215419', '1215418', '1215417', '1215416', '1215415', '1215414', '1215413', '1215412', '1215411', '1215410', '1215409', '1215408', '1215407', '1215406', '1215405', '1215404']
[INFO 2022-06-08 12:23:46]Search testcase  successed ['1215453', '1215452', '1215451', '1215450', '1215449', '1215448', '1215447', '1215446', '1215445', '1215444', '1215443', '1215442', '1215441', '1215440', '1215439', '1215438', '1215437', '1215436', '1215435', '1215434', '1215433', '1215432', '1215431', '1215430', '1215429', '1215428', '1215427', '1215426', '1215425', '1215424', '1215423', '1215422', '1215421', '1215420', '1215419', '1215418', '1215417', '1215416', '1215415', '1215414', '1215413', '1215412', '1215411', '1215410', '1215409', '1215408', '1215407', '1215406', '1215405', '1215404']
[INFO 2022-06-08 12:24:07]Delete testcase  successed ['1215453', '1215452', '1215451', '1215450', '1215449', '1215448', '1215447', '1215446', '1215445', '1215444', '1215443', '1215442', '1215441', '1215440', '1215439', '1215438', '1215437', '1215436', '1215435', '1215434', '1215433', '1215432', '1215431', '1215430', '1215429', '1215428', '1215427', '1215426', '1215425', '1215424', '1215423', '1215422', '1215421', '1215420', '1215419', '1215418', '1215417', '1215416', '1215415', '1215414', '1215413', '1215412', '1215411', '1215410', '1215409', '1215408', '1215407', '1215406', '1215405', '1215404']
[INFO 2022-06-08 12:26:24]Generate Excel successed
[INFO 2022-06-08 12:26:24]Login successed
[INFO 2022-06-08 12:26:25]add successed 1120202731001001106
[INFO 2022-06-08 12:26:26]Confirm import successed 1120202731001001106
[INFO 2022-06-08 12:26:26]New documents submitted this time, eg ['增量用例/294迭代/多账号.xmind']
[INFO 2022-06-08 12:27:28]Login successed
[INFO 2022-06-08 12:27:45]Search testcase  successed ['1215514', '1215513', '1215512', '1215511', '1215510', '1215509', '1215508', '1215507', '1215506', '1215505', '1215504', '1215503', '1215502', '1215501', '1215500', '1215499', '1215498', '1215497', '1215496', '1215495', '1215494', '1215493', '1215492', '1215491', '1215490', '1215489', '1215488', '1215487', '1215486', '1215485', '1215484', '1215483', '1215482', '1215481', '1215480', '1215479', '1215478', '1215477', '1215476', '1215475', '1215474', '1215473', '1215472', '1215471', '1215470', '1215469', '1215468', '1215467', '1215466', '1215465']
[INFO 2022-06-08 12:28:01]Search testcase  successed ['1215514', '1215513', '1215512', '1215511', '1215510', '1215509', '1215508', '1215507', '1215506', '1215505', '1215504', '1215503', '1215502', '1215501', '1215500', '1215499', '1215498', '1215497', '1215496', '1215495', '1215494', '1215493', '1215492', '1215491', '1215490', '1215489', '1215488', '1215487', '1215486', '1215485', '1215484', '1215483', '1215482', '1215481', '1215480', '1215479', '1215478', '1215477', '1215476', '1215475', '1215474', '1215473', '1215472', '1215471', '1215470', '1215469', '1215468', '1215467', '1215466', '1215465']
[INFO 2022-06-08 12:29:11]Login successed
[INFO 2022-06-08 12:29:11]Search testcase  successed ['1215514', '1215513', '1215512', '1215511', '1215510', '1215509', '1215508', '1215507', '1215506', '1215505', '1215504', '1215503', '1215502', '1215501', '1215500', '1215499', '1215498', '1215497', '1215496', '1215495', '1215494', '1215493', '1215492', '1215491', '1215490', '1215489', '1215488', '1215487', '1215486', '1215485', '1215484', '1215483', '1215482', '1215481', '1215480', '1215479', '1215478', '1215477', '1215476', '1215475', '1215474', '1215473', '1215472', '1215471', '1215470', '1215469', '1215468', '1215467', '1215466', '1215465']
[INFO 2022-06-08 12:29:23]Search testcase  successed ['1215514', '1215513', '1215512', '1215511', '1215510', '1215509', '1215508', '1215507', '1215506', '1215505', '1215504', '1215503', '1215502', '1215501', '1215500', '1215499', '1215498', '1215497', '1215496', '1215495', '1215494', '1215493', '1215492', '1215491', '1215490', '1215489', '1215488', '1215487', '1215486', '1215485', '1215484', '1215483', '1215482', '1215481', '1215480', '1215479', '1215478', '1215477', '1215476', '1215475', '1215474', '1215473', '1215472', '1215471', '1215470', '1215469', '1215468', '1215467', '1215466', '1215465']
[INFO 2022-06-08 12:30:11]Search testcase  successed ['1215464', '1215463', '1215462', '1215461', '1215460', '1215459']
[INFO 2022-06-08 12:31:35]Login successed
[INFO 2022-06-08 12:31:36]Search testcase  successed ['1215514', '1215513', '1215512', '1215511', '1215510', '1215509', '1215508', '1215507', '1215506', '1215505', '1215504', '1215503', '1215502', '1215501', '1215500', '1215499', '1215498', '1215497', '1215496', '1215495', '1215494', '1215493', '1215492', '1215491', '1215490', '1215489', '1215488', '1215487', '1215486', '1215485', '1215484', '1215483', '1215482', '1215481', '1215480', '1215479', '1215478', '1215477', '1215476', '1215475', '1215474', '1215473', '1215472', '1215471', '1215470', '1215469', '1215468', '1215467', '1215466', '1215465']
[INFO 2022-06-08 12:31:36]Search testcase  successed ['1215514', '1215513', '1215512', '1215511', '1215510', '1215509', '1215508', '1215507', '1215506', '1215505', '1215504', '1215503', '1215502', '1215501', '1215500', '1215499', '1215498', '1215497', '1215496', '1215495', '1215494', '1215493', '1215492', '1215491', '1215490', '1215489', '1215488', '1215487', '1215486', '1215485', '1215484', '1215483', '1215482', '1215481', '1215480', '1215479', '1215478', '1215477', '1215476', '1215475', '1215474', '1215473', '1215472', '1215471', '1215470', '1215469', '1215468', '1215467', '1215466', '1215465']
[INFO 2022-06-08 12:31:37]Delete testcase  successed ['1215514', '1215513', '1215512', '1215511', '1215510', '1215509', '1215508', '1215507', '1215506', '1215505', '1215504', '1215503', '1215502', '1215501', '1215500', '1215499', '1215498', '1215497', '1215496', '1215495', '1215494', '1215493', '1215492', '1215491', '1215490', '1215489', '1215488', '1215487', '1215486', '1215485', '1215484', '1215483', '1215482', '1215481', '1215480', '1215479', '1215478', '1215477', '1215476', '1215475', '1215474', '1215473', '1215472', '1215471', '1215470', '1215469', '1215468', '1215467', '1215466', '1215465']
[ERROR 2022-06-08 12:31:38]Please check “callback” method
[INFO 2022-06-08 12:33:54]Generate Excel successed
[INFO 2022-06-08 12:33:55]Login successed
[INFO 2022-06-08 12:33:55]add successed 1120202731001001106
[INFO 2022-06-08 12:33:57]Confirm import successed 1120202731001001106
[INFO 2022-06-08 12:33:57]New documents submitted this time, eg ['增量用例/294迭代/多账号.xmind']
[INFO 2022-06-08 12:34:29]Login successed
[INFO 2022-06-08 12:34:29]Search testcase  successed ['1215570', '1215569', '1215568', '1215567', '1215566', '1215565', '1215564', '1215563', '1215562', '1215561', '1215560', '1215559', '1215558', '1215557', '1215556', '1215555', '1215554', '1215553', '1215552', '1215551', '1215550', '1215549', '1215548', '1215547', '1215546', '1215545', '1215544', '1215543', '1215542', '1215541', '1215540', '1215539', '1215538', '1215537', '1215536', '1215535', '1215534', '1215533', '1215532', '1215531', '1215530', '1215529', '1215528', '1215527', '1215526', '1215525', '1215524', '1215523', '1215522', '1215521']
[INFO 2022-06-08 12:34:50]Search testcase  successed ['1215570', '1215569', '1215568', '1215567', '1215566', '1215565', '1215564', '1215563', '1215562', '1215561', '1215560', '1215559', '1215558', '1215557', '1215556', '1215555', '1215554', '1215553', '1215552', '1215551', '1215550', '1215549', '1215548', '1215547', '1215546', '1215545', '1215544', '1215543', '1215542', '1215541', '1215540', '1215539', '1215538', '1215537', '1215536', '1215535', '1215534', '1215533', '1215532', '1215531', '1215530', '1215529', '1215528', '1215527', '1215526', '1215525', '1215524', '1215523', '1215522', '1215521']
[INFO 2022-06-08 12:35:05]Delete testcase  successed ['1215570', '1215569', '1215568', '1215567', '1215566', '1215565', '1215564', '1215563', '1215562', '1215561', '1215560', '1215559', '1215558', '1215557', '1215556', '1215555', '1215554', '1215553', '1215552', '1215551', '1215550', '1215549', '1215548', '1215547', '1215546', '1215545', '1215544', '1215543', '1215542', '1215541', '1215540', '1215539', '1215538', '1215537', '1215536', '1215535', '1215534', '1215533', '1215532', '1215531', '1215530', '1215529', '1215528', '1215527', '1215526', '1215525', '1215524', '1215523', '1215522', '1215521']
[INFO 2022-06-08 12:36:40]Generate Excel successed
[INFO 2022-06-08 12:36:41]Login successed
[INFO 2022-06-08 12:36:41]add successed 1120202731001001106
[INFO 2022-06-08 12:36:43]Confirm import successed 1120202731001001106
[INFO 2022-06-08 12:36:43]New documents submitted this time, eg ['增量用例/294迭代/多账号.xmind']
[INFO 2022-06-08 12:37:03]Login successed
[INFO 2022-06-08 12:37:03]Search testcase  successed ['1215626', '1215625', '1215624', '1215623', '1215622', '1215621', '1215620', '1215619', '1215618', '1215617', '1215616', '1215615', '1215614', '1215613', '1215612', '1215611', '1215610', '1215609', '1215608', '1215607', '1215606', '1215605', '1215604', '1215603', '1215602', '1215601', '1215600', '1215599', '1215598', '1215597', '1215596', '1215595', '1215594', '1215593', '1215592', '1215591', '1215590', '1215589', '1215588', '1215587', '1215586', '1215585', '1215584', '1215583', '1215582', '1215581', '1215580', '1215579', '1215578', '1215577']
[INFO 2022-06-08 12:37:38]Search testcase  successed ['1215626', '1215625', '1215624', '1215623', '1215622', '1215621', '1215620', '1215619', '1215618', '1215617', '1215616', '1215615', '1215614', '1215613', '1215612', '1215611', '1215610', '1215609', '1215608', '1215607', '1215606', '1215605', '1215604', '1215603', '1215602', '1215601', '1215600', '1215599', '1215598', '1215597', '1215596', '1215595', '1215594', '1215593', '1215592', '1215591', '1215590', '1215589', '1215588', '1215587', '1215586', '1215585', '1215584', '1215583', '1215582', '1215581', '1215580', '1215579', '1215578', '1215577']
[INFO 2022-06-08 12:38:07]Search testcase  successed ['1215576', '1215575', '1215574', '1215573', '1215572', '1215571']
[INFO 2022-06-08 12:47:50]Login successed
[INFO 2022-06-08 12:47:50]Search testcase  successed ['1215626', '1215625', '1215624', '1215623', '1215622', '1215621', '1215620', '1215619', '1215618', '1215617', '1215616', '1215615', '1215614', '1215613', '1215612', '1215611', '1215610', '1215609', '1215608', '1215607', '1215606', '1215605', '1215604', '1215603', '1215602', '1215601', '1215600', '1215599', '1215598', '1215597', '1215596', '1215595', '1215594', '1215593', '1215592', '1215591', '1215590', '1215589', '1215588', '1215587', '1215586', '1215585', '1215584', '1215583', '1215582', '1215581', '1215580', '1215579', '1215578', '1215577']
[INFO 2022-06-08 12:47:50]Search testcase  successed ['1215626', '1215625', '1215624', '1215623', '1215622', '1215621', '1215620', '1215619', '1215618', '1215617', '1215616', '1215615', '1215614', '1215613', '1215612', '1215611', '1215610', '1215609', '1215608', '1215607', '1215606', '1215605', '1215604', '1215603', '1215602', '1215601', '1215600', '1215599', '1215598', '1215597', '1215596', '1215595', '1215594', '1215593', '1215592', '1215591', '1215590', '1215589', '1215588', '1215587', '1215586', '1215585', '1215584', '1215583', '1215582', '1215581', '1215580', '1215579', '1215578', '1215577']
[INFO 2022-06-08 12:47:52]Delete testcase  successed ['1215626', '1215625', '1215624', '1215623', '1215622', '1215621', '1215620', '1215619', '1215618', '1215617', '1215616', '1215615', '1215614', '1215613', '1215612', '1215611', '1215610', '1215609', '1215608', '1215607', '1215606', '1215605', '1215604', '1215603', '1215602', '1215601', '1215600', '1215599', '1215598', '1215597', '1215596', '1215595', '1215594', '1215593', '1215592', '1215591', '1215590', '1215589', '1215588', '1215587', '1215586', '1215585', '1215584', '1215583', '1215582', '1215581', '1215580', '1215579', '1215578', '1215577']
[ERROR 2022-06-08 12:47:52]Please check “callback” method
[INFO 2022-06-08 12:49:13]Generate Excel successed
[INFO 2022-06-08 12:49:13]Login successed
[INFO 2022-06-08 12:49:13]add successed 1120202731001001106
[INFO 2022-06-08 12:49:15]Confirm import successed 1120202731001001106
[INFO 2022-06-08 12:49:15]New documents submitted this time, eg ['增量用例/294迭代/多账号.xmind']
[INFO 2022-06-08 12:50:28]Login successed
[INFO 2022-06-08 12:50:28]Search testcase  successed ['1215682', '1215681', '1215680', '1215679', '1215678', '1215677', '1215676', '1215675', '1215674', '1215673', '1215672', '1215671', '1215670', '1215669', '1215668', '1215667', '1215666', '1215665', '1215664', '1215663', '1215662', '1215661', '1215660', '1215659', '1215658', '1215657', '1215656', '1215655', '1215654', '1215653', '1215652', '1215651', '1215650', '1215649', '1215648', '1215647', '1215646', '1215645', '1215644', '1215643', '1215642', '1215641', '1215640', '1215639', '1215638', '1215637', '1215636', '1215635', '1215634', '1215633']
[INFO 2022-06-08 12:51:17]Search testcase  successed ['1215682', '1215681', '1215680', '1215679', '1215678', '1215677', '1215676', '1215675', '1215674', '1215673', '1215672', '1215671', '1215670', '1215669', '1215668', '1215667', '1215666', '1215665', '1215664', '1215663', '1215662', '1215661', '1215660', '1215659', '1215658', '1215657', '1215656', '1215655', '1215654', '1215653', '1215652', '1215651', '1215650', '1215649', '1215648', '1215647', '1215646', '1215645', '1215644', '1215643', '1215642', '1215641', '1215640', '1215639', '1215638', '1215637', '1215636', '1215635', '1215634', '1215633']
[INFO 2022-06-08 12:51:30]Delete testcase  successed ['1215682', '1215681', '1215680', '1215679', '1215678', '1215677', '1215676', '1215675', '1215674', '1215673', '1215672', '1215671', '1215670', '1215669', '1215668', '1215667', '1215666', '1215665', '1215664', '1215663', '1215662', '1215661', '1215660', '1215659', '1215658', '1215657', '1215656', '1215655', '1215654', '1215653', '1215652', '1215651', '1215650', '1215649', '1215648', '1215647', '1215646', '1215645', '1215644', '1215643', '1215642', '1215641', '1215640', '1215639', '1215638', '1215637', '1215636', '1215635', '1215634', '1215633']
[INFO 2022-06-08 12:53:13]Generate Excel successed
[INFO 2022-06-08 12:53:13]Login successed
[INFO 2022-06-08 12:53:14]add successed 1120202731001001106
[INFO 2022-06-08 12:53:15]Confirm import successed 1120202731001001106
[INFO 2022-06-08 12:53:15]New documents submitted this time, eg ['增量用例/294迭代/多账号.xmind']
[INFO 2022-06-08 12:53:28]Login successed
[INFO 2022-06-08 12:53:28]Search testcase  successed ['1215738', '1215737', '1215736', '1215735', '1215734', '1215733', '1215732', '1215731', '1215730', '1215729', '1215728', '1215727', '1215726', '1215725', '1215724', '1215723', '1215722', '1215721', '1215720', '1215719', '1215718', '1215717', '1215716', '1215715', '1215714', '1215713', '1215712', '1215711', '1215710', '1215709', '1215708', '1215707', '1215706', '1215705', '1215704', '1215703', '1215702', '1215701', '1215700', '1215699', '1215698', '1215697', '1215696', '1215695', '1215694', '1215693', '1215692', '1215691', '1215690', '1215689']
[INFO 2022-06-08 12:53:29]Search testcase  successed ['1215738', '1215737', '1215736', '1215735', '1215734', '1215733', '1215732', '1215731', '1215730', '1215729', '1215728', '1215727', '1215726', '1215725', '1215724', '1215723', '1215722', '1215721', '1215720', '1215719', '1215718', '1215717', '1215716', '1215715', '1215714', '1215713', '1215712', '1215711', '1215710', '1215709', '1215708', '1215707', '1215706', '1215705', '1215704', '1215703', '1215702', '1215701', '1215700', '1215699', '1215698', '1215697', '1215696', '1215695', '1215694', '1215693', '1215692', '1215691', '1215690', '1215689']
[INFO 2022-06-08 12:53:30]Delete testcase  successed ['1215738', '1215737', '1215736', '1215735', '1215734', '1215733', '1215732', '1215731', '1215730', '1215729', '1215728', '1215727', '1215726', '1215725', '1215724', '1215723', '1215722', '1215721', '1215720', '1215719', '1215718', '1215717', '1215716', '1215715', '1215714', '1215713', '1215712', '1215711', '1215710', '1215709', '1215708', '1215707', '1215706', '1215705', '1215704', '1215703', '1215702', '1215701', '1215700', '1215699', '1215698', '1215697', '1215696', '1215695', '1215694', '1215693', '1215692', '1215691', '1215690', '1215689']
[INFO 2022-06-08 12:53:30]Search testcase  successed ['1215688', '1215687', '1215686', '1215685', '1215684', '1215683']
[ERROR 2022-06-08 12:53:30]Please check “callback” method
[INFO 2022-06-08 12:59:07]Generate Excel successed
[INFO 2022-06-08 12:59:07]Login successed
[INFO 2022-06-08 12:59:08]add successed 1120202731001001106
[INFO 2022-06-08 12:59:09]Confirm import successed 1120202731001001106
[INFO 2022-06-08 12:59:09]New documents submitted this time, eg ['增量用例/294迭代/多账号.xmind']
[INFO 2022-06-08 12:59:26]Login successed
[INFO 2022-06-08 12:59:27]Search testcase  successed ['1215794', '1215793', '1215792', '1215791', '1215790', '1215789', '1215788', '1215787', '1215786', '1215785', '1215784', '1215783', '1215782', '1215781', '1215780', '1215779', '1215778', '1215777', '1215776', '1215775', '1215774', '1215773', '1215772', '1215771', '1215770', '1215769', '1215768', '1215767', '1215766', '1215765', '1215764', '1215763', '1215762', '1215761', '1215760', '1215759', '1215758', '1215757', '1215756', '1215755', '1215754', '1215753', '1215752', '1215751', '1215750', '1215749', '1215748', '1215747', '1215746', '1215745']
[INFO 2022-06-08 12:59:27]Search testcase  successed ['1215794', '1215793', '1215792', '1215791', '1215790', '1215789', '1215788', '1215787', '1215786', '1215785', '1215784', '1215783', '1215782', '1215781', '1215780', '1215779', '1215778', '1215777', '1215776', '1215775', '1215774', '1215773', '1215772', '1215771', '1215770', '1215769', '1215768', '1215767', '1215766', '1215765', '1215764', '1215763', '1215762', '1215761', '1215760', '1215759', '1215758', '1215757', '1215756', '1215755', '1215754', '1215753', '1215752', '1215751', '1215750', '1215749', '1215748', '1215747', '1215746', '1215745']
[INFO 2022-06-08 12:59:29]Delete testcase  successed ['1215794', '1215793', '1215792', '1215791', '1215790', '1215789', '1215788', '1215787', '1215786', '1215785', '1215784', '1215783', '1215782', '1215781', '1215780', '1215779', '1215778', '1215777', '1215776', '1215775', '1215774', '1215773', '1215772', '1215771', '1215770', '1215769', '1215768', '1215767', '1215766', '1215765', '1215764', '1215763', '1215762', '1215761', '1215760', '1215759', '1215758', '1215757', '1215756', '1215755', '1215754', '1215753', '1215752', '1215751', '1215750', '1215749', '1215748', '1215747', '1215746', '1215745']
[INFO 2022-06-08 12:59:29]Search testcase  successed ['1215744', '1215743', '1215742', '1215741', '1215740', '1215739']
[INFO 2022-06-08 12:59:29]Delete testcase  successed ['1215744', '1215743', '1215742', '1215741', '1215740', '1215739']
[INFO 2022-06-08 12:59:30]Delete testdir  successed 1120202731001001106
[ERROR 2022-06-08 12:59:30]Please check “callback” method
[INFO 2022-06-08 14:15:34]Generate Excel successed
[INFO 2022-06-08 14:15:35]Login successed
[INFO 2022-06-08 14:15:35]Create testcase path successed 多账号
[INFO 2022-06-08 14:15:35]add successed 1120202731001001107
[INFO 2022-06-08 14:15:37]Confirm import successed 1120202731001001107
[INFO 2022-06-08 14:15:37]New documents submitted this time, eg ['增量用例/294迭代/多账号.xmind']
[INFO 2022-06-08 14:16:31]Generate Excel successed
[INFO 2022-06-08 14:16:32]Login successed
[INFO 2022-06-08 14:16:32]Search testcase  successed ['1215850', '1215849', '1215848', '1215847', '1215846', '1215845', '1215844', '1215843', '1215842', '1215841', '1215840', '1215839', '1215838', '1215837', '1215836', '1215835', '1215834', '1215833', '1215832', '1215831', '1215830', '1215829', '1215828', '1215827', '1215826', '1215825', '1215824', '1215823', '1215822', '1215821', '1215820', '1215819', '1215818', '1215817', '1215816', '1215815', '1215814', '1215813', '1215812', '1215811', '1215810', '1215809', '1215808', '1215807', '1215806', '1215805', '1215804', '1215803', '1215802', '1215801']
[INFO 2022-06-08 14:16:32]Search testcase  successed ['1215850', '1215849', '1215848', '1215847', '1215846', '1215845', '1215844', '1215843', '1215842', '1215841', '1215840', '1215839', '1215838', '1215837', '1215836', '1215835', '1215834', '1215833', '1215832', '1215831', '1215830', '1215829', '1215828', '1215827', '1215826', '1215825', '1215824', '1215823', '1215822', '1215821', '1215820', '1215819', '1215818', '1215817', '1215816', '1215815', '1215814', '1215813', '1215812', '1215811', '1215810', '1215809', '1215808', '1215807', '1215806', '1215805', '1215804', '1215803', '1215802', '1215801']
[INFO 2022-06-08 14:16:34]Delete testcase  successed ['1215850', '1215849', '1215848', '1215847', '1215846', '1215845', '1215844', '1215843', '1215842', '1215841', '1215840', '1215839', '1215838', '1215837', '1215836', '1215835', '1215834', '1215833', '1215832', '1215831', '1215830', '1215829', '1215828', '1215827', '1215826', '1215825', '1215824', '1215823', '1215822', '1215821', '1215820', '1215819', '1215818', '1215817', '1215816', '1215815', '1215814', '1215813', '1215812', '1215811', '1215810', '1215809', '1215808', '1215807', '1215806', '1215805', '1215804', '1215803', '1215802', '1215801']
[INFO 2022-06-08 14:16:35]Search testcase  successed ['1215800', '1215799', '1215798', '1215797', '1215796', '1215795']
[INFO 2022-06-08 14:16:35]Delete testcase  successed ['1215800', '1215799', '1215798', '1215797', '1215796', '1215795']
[INFO 2022-06-08 14:16:35]add successed 1120202731001001107
[INFO 2022-06-08 14:16:37]Confirm import successed 1120202731001001107
[INFO 2022-06-08 14:16:37]New documents modified this time, eg ['增量用例/294迭代/多账号.xmind']
[INFO 2022-06-08 14:17:04]Login successed
[INFO 2022-06-08 14:17:05]Search testcase  successed ['1215906', '1215905', '1215904', '1215903', '1215902', '1215901', '1215900', '1215899', '1215898', '1215897', '1215896', '1215895', '1215894', '1215893', '1215892', '1215891', '1215890', '1215889', '1215888', '1215887', '1215886', '1215885', '1215884', '1215883', '1215882', '1215881', '1215880', '1215879', '1215878', '1215877', '1215876', '1215875', '1215874', '1215873', '1215872', '1215871', '1215870', '1215869', '1215868', '1215867', '1215866', '1215865', '1215864', '1215863', '1215862', '1215861', '1215860', '1215859', '1215858', '1215857']
[INFO 2022-06-08 14:17:05]Search testcase  successed ['1215906', '1215905', '1215904', '1215903', '1215902', '1215901', '1215900', '1215899', '1215898', '1215897', '1215896', '1215895', '1215894', '1215893', '1215892', '1215891', '1215890', '1215889', '1215888', '1215887', '1215886', '1215885', '1215884', '1215883', '1215882', '1215881', '1215880', '1215879', '1215878', '1215877', '1215876', '1215875', '1215874', '1215873', '1215872', '1215871', '1215870', '1215869', '1215868', '1215867', '1215866', '1215865', '1215864', '1215863', '1215862', '1215861', '1215860', '1215859', '1215858', '1215857']
[INFO 2022-06-08 14:17:08]Delete testcase  successed ['1215906', '1215905', '1215904', '1215903', '1215902', '1215901', '1215900', '1215899', '1215898', '1215897', '1215896', '1215895', '1215894', '1215893', '1215892', '1215891', '1215890', '1215889', '1215888', '1215887', '1215886', '1215885', '1215884', '1215883', '1215882', '1215881', '1215880', '1215879', '1215878', '1215877', '1215876', '1215875', '1215874', '1215873', '1215872', '1215871', '1215870', '1215869', '1215868', '1215867', '1215866', '1215865', '1215864', '1215863', '1215862', '1215861', '1215860', '1215859', '1215858', '1215857']
[INFO 2022-06-08 14:17:08]Search testcase  successed ['1215856', '1215855', '1215854', '1215853', '1215852', '1215851']
[INFO 2022-06-08 14:17:08]Delete testcase  successed ['1215856', '1215855', '1215854', '1215853', '1215852', '1215851']
[INFO 2022-06-08 14:17:09]Delete testdir  successed 1120202731001001107
[WARNING 2022-06-08 14:17:09]Delete the entire XMIND file, ef ['增量用例/294迭代/多账号.xmind']
[INFO 2022-06-08 14:20:48]Generate Excel successed
[INFO 2022-06-08 14:20:49]Login successed
[INFO 2022-06-08 14:20:49]Create testcase path successed 多账号
[INFO 2022-06-08 14:20:49]add successed 1120202731001001108
[INFO 2022-06-08 14:20:51]Confirm import successed 1120202731001001108
[INFO 2022-06-08 14:20:52]Generate Excel successed
[INFO 2022-06-08 14:20:52]Login successed
[INFO 2022-06-08 14:20:52]Create testcase path successed 测试
[INFO 2022-06-08 14:20:53]add successed 1120202731001001109
[INFO 2022-06-08 14:20:53]Confirm import successed 1120202731001001109
[INFO 2022-06-08 14:20:54]Dingding notification successed!
[INFO 2022-06-08 14:20:54]New documents submitted this time, eg ['增量用例/294迭代/多账号.xmind', '增量用例/294迭代/测试.xmind']
[INFO 2022-06-08 14:25:38]Generate Excel successed
[INFO 2022-06-08 14:25:39]Login successed
[INFO 2022-06-08 14:25:39]Search testcase  successed ['1215972', '1215971', '1215970', '1215969', '1215968', '1215967', '1215966', '1215965', '1215964', '1215963', '1215962', '1215961', '1215960', '1215959', '1215958', '1215957', '1215956', '1215955', '1215954', '1215953', '1215952', '1215951', '1215950', '1215949', '1215948', '1215947', '1215946', '1215945', '1215944', '1215943', '1215942', '1215941', '1215940', '1215939', '1215938', '1215937', '1215936', '1215935', '1215934', '1215933', '1215932', '1215931', '1215930', '1215929', '1215928', '1215927', '1215926', '1215925', '1215924', '1215923']
[INFO 2022-06-08 14:25:40]Search testcase  successed ['1215972', '1215971', '1215970', '1215969', '1215968', '1215967', '1215966', '1215965', '1215964', '1215963', '1215962', '1215961', '1215960', '1215959', '1215958', '1215957', '1215956', '1215955', '1215954', '1215953', '1215952', '1215951', '1215950', '1215949', '1215948', '1215947', '1215946', '1215945', '1215944', '1215943', '1215942', '1215941', '1215940', '1215939', '1215938', '1215937', '1215936', '1215935', '1215934', '1215933', '1215932', '1215931', '1215930', '1215929', '1215928', '1215927', '1215926', '1215925', '1215924', '1215923']
[INFO 2022-06-08 14:25:42]Delete testcase  successed ['1215972', '1215971', '1215970', '1215969', '1215968', '1215967', '1215966', '1215965', '1215964', '1215963', '1215962', '1215961', '1215960', '1215959', '1215958', '1215957', '1215956', '1215955', '1215954', '1215953', '1215952', '1215951', '1215950', '1215949', '1215948', '1215947', '1215946', '1215945', '1215944', '1215943', '1215942', '1215941', '1215940', '1215939', '1215938', '1215937', '1215936', '1215935', '1215934', '1215933', '1215932', '1215931', '1215930', '1215929', '1215928', '1215927', '1215926', '1215925', '1215924', '1215923']
[INFO 2022-06-08 14:25:42]Search testcase  successed ['1215922', '1215921', '1215920', '1215919', '1215918', '1215917']
[INFO 2022-06-08 14:25:42]Delete testcase  successed ['1215922', '1215921', '1215920', '1215919', '1215918', '1215917']
[INFO 2022-06-08 14:25:43]add successed 1120202731001001108
[INFO 2022-06-08 14:25:45]Confirm import successed 1120202731001001108
[ERROR 2022-06-08 14:25:45]Please check “callback” method
[INFO 2022-06-08 14:28:42]Generate Excel successed
[INFO 2022-06-08 14:28:42]Login successed
[INFO 2022-06-08 14:28:42]Create testcase path successed 多账号
[INFO 2022-06-08 14:28:43]add successed 1120202731001001110
[INFO 2022-06-08 14:28:45]Confirm import successed 1120202731001001110
[INFO 2022-06-08 14:28:45]Generate Excel successed
[INFO 2022-06-08 14:28:46]Login successed
[INFO 2022-06-08 14:28:46]Create testcase path successed 测试
[INFO 2022-06-08 14:28:46]add successed 1120202731001001111
[INFO 2022-06-08 14:28:47]Confirm import successed 1120202731001001111
[INFO 2022-06-08 14:28:47]Dingding notification successed!
[INFO 2022-06-08 14:28:47]New documents submitted this time, eg ['增量用例/294迭代/多账号.xmind', '增量用例/294迭代/测试.xmind']
[INFO 2022-06-08 14:29:28]Generate Excel successed
[INFO 2022-06-08 14:29:28]Login successed
[INFO 2022-06-08 14:29:29]Search testcase  successed ['1216096', '1216095', '1216094', '1216093', '1216092', '1216091', '1216090', '1216089', '1216088', '1216087', '1216086', '1216085', '1216084', '1216083', '1216082', '1216081', '1216080', '1216079', '1216078', '1216077', '1216076', '1216075', '1216074', '1216073', '1216072', '1216071', '1216070', '1216069', '1216068', '1216067', '1216066', '1216065', '1216064', '1216063', '1216062', '1216061', '1216060', '1216059', '1216058', '1216057', '1216056', '1216055', '1216054', '1216053', '1216052', '1216051', '1216050', '1216049', '1216048', '1216047']
[INFO 2022-06-08 14:29:29]Search testcase  successed ['1216096', '1216095', '1216094', '1216093', '1216092', '1216091', '1216090', '1216089', '1216088', '1216087', '1216086', '1216085', '1216084', '1216083', '1216082', '1216081', '1216080', '1216079', '1216078', '1216077', '1216076', '1216075', '1216074', '1216073', '1216072', '1216071', '1216070', '1216069', '1216068', '1216067', '1216066', '1216065', '1216064', '1216063', '1216062', '1216061', '1216060', '1216059', '1216058', '1216057', '1216056', '1216055', '1216054', '1216053', '1216052', '1216051', '1216050', '1216049', '1216048', '1216047']
[INFO 2022-06-08 14:29:31]Delete testcase  successed ['1216096', '1216095', '1216094', '1216093', '1216092', '1216091', '1216090', '1216089', '1216088', '1216087', '1216086', '1216085', '1216084', '1216083', '1216082', '1216081', '1216080', '1216079', '1216078', '1216077', '1216076', '1216075', '1216074', '1216073', '1216072', '1216071', '1216070', '1216069', '1216068', '1216067', '1216066', '1216065', '1216064', '1216063', '1216062', '1216061', '1216060', '1216059', '1216058', '1216057', '1216056', '1216055', '1216054', '1216053', '1216052', '1216051', '1216050', '1216049', '1216048', '1216047']
[INFO 2022-06-08 14:29:31]Search testcase  successed ['1216046', '1216045', '1216044', '1216043', '1216042', '1216041']
[INFO 2022-06-08 14:29:32]Delete testcase  successed ['1216046', '1216045', '1216044', '1216043', '1216042', '1216041']
[INFO 2022-06-08 14:29:32]add successed 1120202731001001110
[INFO 2022-06-08 14:29:34]Confirm import successed 1120202731001001110
[INFO 2022-06-08 14:29:34]Generate Excel successed
[INFO 2022-06-08 14:29:35]Login successed
[INFO 2022-06-08 14:29:35]Search testcase  successed ['1216102', '1216101', '1216100', '1216099', '1216098', '1216097']
[ERROR 2022-06-08 14:29:35]Please check “callback” method
[INFO 2022-06-08 14:31:52]Generate Excel successed
[INFO 2022-06-08 14:31:53]Login successed
[INFO 2022-06-08 14:31:53]Search testcase  successed ['1216102', '1216101', '1216100', '1216099', '1216098', '1216097']
[INFO 2022-06-08 14:45:56]Generate Excel successed
[INFO 2022-06-08 14:45:56]Login successed
[INFO 2022-06-08 14:45:56]Create testcase path successed 多账号
[INFO 2022-06-08 14:45:57]add successed 1120202731001001113
[INFO 2022-06-08 14:45:59]Confirm import successed 1120202731001001113
[INFO 2022-06-08 14:45:59]Generate Excel successed
[INFO 2022-06-08 14:45:59]Login successed
[INFO 2022-06-08 14:46:00]Create testcase path successed 测试
[INFO 2022-06-08 14:46:00]add successed 1120202731001001114
[INFO 2022-06-08 14:46:01]Confirm import successed 1120202731001001114
[INFO 2022-06-08 14:46:01]Dingding notification successed!
[INFO 2022-06-08 14:46:01]New documents submitted this time, eg ['增量用例/294迭代/多账号.xmind', '增量用例/294迭代/测试.xmind']
[INFO 2022-06-08 14:46:45]Generate Excel successed
[INFO 2022-06-08 14:46:46]Login successed
[INFO 2022-06-08 14:46:46]Search testcase  successed ['1216220', '1216219', '1216218', '1216217', '1216216', '1216215', '1216214', '1216213', '1216212', '1216211', '1216210', '1216209', '1216208', '1216207', '1216206', '1216205', '1216204', '1216203', '1216202', '1216201', '1216200', '1216199', '1216198', '1216197', '1216196', '1216195', '1216194', '1216193', '1216192', '1216191', '1216190', '1216189', '1216188', '1216187', '1216185', '1216184', '1216183', '1216182', '1216181', '1216180', '1216179', '1216178', '1216177', '1216176', '1216175', '1216174', '1216173', '1216172', '1216171', '1216170']
[INFO 2022-06-08 14:46:47]Search testcase  successed ['1216220', '1216219', '1216218', '1216217', '1216216', '1216215', '1216214', '1216213', '1216212', '1216211', '1216210', '1216209', '1216208', '1216207', '1216206', '1216205', '1216204', '1216203', '1216202', '1216201', '1216200', '1216199', '1216198', '1216197', '1216196', '1216195', '1216194', '1216193', '1216192', '1216191', '1216190', '1216189', '1216188', '1216187', '1216185', '1216184', '1216183', '1216182', '1216181', '1216180', '1216179', '1216178', '1216177', '1216176', '1216175', '1216174', '1216173', '1216172', '1216171', '1216170']
[INFO 2022-06-08 14:46:48]Delete testcase  successed ['1216220', '1216219', '1216218', '1216217', '1216216', '1216215', '1216214', '1216213', '1216212', '1216211', '1216210', '1216209', '1216208', '1216207', '1216206', '1216205', '1216204', '1216203', '1216202', '1216201', '1216200', '1216199', '1216198', '1216197', '1216196', '1216195', '1216194', '1216193', '1216192', '1216191', '1216190', '1216189', '1216188', '1216187', '1216185', '1216184', '1216183', '1216182', '1216181', '1216180', '1216179', '1216178', '1216177', '1216176', '1216175', '1216174', '1216173', '1216172', '1216171', '1216170']
[INFO 2022-06-08 14:46:49]Search testcase  successed ['1216169', '1216168', '1216167', '1216166', '1216165', '1216164']
[INFO 2022-06-08 14:46:49]Delete testcase  successed ['1216169', '1216168', '1216167', '1216166', '1216165', '1216164']
[INFO 2022-06-08 14:46:50]add successed 1120202731001001113
[INFO 2022-06-08 14:46:52]Confirm import successed 1120202731001001113
[INFO 2022-06-08 14:46:52]Generate Excel successed
[INFO 2022-06-08 14:46:52]Login successed
[INFO 2022-06-08 14:46:53]Search testcase  successed ['1216226', '1216225', '1216224', '1216223', '1216222', '1216221']
[INFO 2022-06-08 14:46:53]Search testcase  successed ['1216226', '1216225', '1216224', '1216223', '1216222', '1216221']
[INFO 2022-06-08 14:46:54]Delete testcase  successed ['1216226', '1216225', '1216224', '1216223', '1216222', '1216221']
[INFO 2022-06-08 14:46:54]add successed 1120202731001001114
[INFO 2022-06-08 14:46:55]Confirm import successed 1120202731001001114
[INFO 2022-06-08 14:46:55]Dingding notification successed!
[INFO 2022-06-08 14:46:55]New documents modified this time, eg ['增量用例/294迭代/多账号.xmind', '增量用例/294迭代/测试.xmind']
[INFO 2022-06-08 14:47:18]Login successed
[INFO 2022-06-08 14:47:19]Search testcase  successed ['1216282', '1216281', '1216280', '1216279', '1216278', '1216277', '1216276', '1216275', '1216274', '1216273', '1216272', '1216271', '1216270', '1216269', '1216268', '1216267', '1216266', '1216265', '1216264', '1216263', '1216262', '1216261', '1216260', '1216259', '1216258', '1216257', '1216256', '1216255', '1216254', '1216253', '1216252', '1216251', '1216250', '1216249', '1216248', '1216247', '1216246', '1216245', '1216244', '1216243', '1216242', '1216241', '1216240', '1216239', '1216238', '1216237', '1216236', '1216235', '1216234', '1216233']
[INFO 2022-06-08 14:47:19]Search testcase  successed ['1216282', '1216281', '1216280', '1216279', '1216278', '1216277', '1216276', '1216275', '1216274', '1216273', '1216272', '1216271', '1216270', '1216269', '1216268', '1216267', '1216266', '1216265', '1216264', '1216263', '1216262', '1216261', '1216260', '1216259', '1216258', '1216257', '1216256', '1216255', '1216254', '1216253', '1216252', '1216251', '1216250', '1216249', '1216248', '1216247', '1216246', '1216245', '1216244', '1216243', '1216242', '1216241', '1216240', '1216239', '1216238', '1216237', '1216236', '1216235', '1216234', '1216233']
[INFO 2022-06-08 14:47:21]Delete testcase  successed ['1216282', '1216281', '1216280', '1216279', '1216278', '1216277', '1216276', '1216275', '1216274', '1216273', '1216272', '1216271', '1216270', '1216269', '1216268', '1216267', '1216266', '1216265', '1216264', '1216263', '1216262', '1216261', '1216260', '1216259', '1216258', '1216257', '1216256', '1216255', '1216254', '1216253', '1216252', '1216251', '1216250', '1216249', '1216248', '1216247', '1216246', '1216245', '1216244', '1216243', '1216242', '1216241', '1216240', '1216239', '1216238', '1216237', '1216236', '1216235', '1216234', '1216233']
[INFO 2022-06-08 14:47:21]Search testcase  successed ['1216232', '1216231', '1216230', '1216229', '1216228', '1216227']
[INFO 2022-06-08 14:47:21]Delete testcase  successed ['1216232', '1216231', '1216230', '1216229', '1216228', '1216227']
[INFO 2022-06-08 14:47:22]Delete testdir  successed 1120202731001001113
[INFO 2022-06-08 14:47:22]Login successed
[INFO 2022-06-08 14:47:23]Search testcase  successed ['1216288', '1216287', '1216286', '1216285', '1216284', '1216283']
[INFO 2022-06-08 14:47:23]Search testcase  successed ['1216288', '1216287', '1216286', '1216285', '1216284', '1216283']
[INFO 2022-06-08 14:47:23]Delete testcase  successed ['1216288', '1216287', '1216286', '1216285', '1216284', '1216283']
[INFO 2022-06-08 14:47:24]Delete testdir  successed 1120202731001001114
[INFO 2022-06-08 14:47:24]Dingding notification successed!
[WARNING 2022-06-08 14:47:24]Delete the entire XMIND file, ef ['增量用例/294迭代/多账号.xmind', '增量用例/294迭代/测试.xmind']
